        -:    0:Source:clause.c
        -:    0:Graph:./solvers/solver1/clause.gcno
        -:    0:Data:./solvers/solver1/clause.gcda
        -:    0:Runs:149
        -:    0:Programs:1
        -:    1:/*EOF*/
        -:    2:/*EOF*/
        -:    3:/*EOF*/
        -:    4:/*EOF*/
        -:    5:/*EOF*/
        -:    6:/*EOF*/
        -:    7:/*EOF*/
        -:    8:/*EOF*/
        -:    9:/*EOF*/
        -:   10:/*EOF*/
        -:   11:/*EOF*/
     4051:   12:/*EOF*/
     4051:   13:/*EOF*/
        -:   14:/*EOF*/
        -:   15:/*EOF*/
        -:   16:/*EOF*/
      145:   17:/*EOF*/
      145:   18:/*EOF*/
        -:   19:/*EOF*/
        -:   20:/*EOF*/
        -:   21:/*EOF*/
     4051:   22:/*EOF*/
     4051:   23:/*EOF*/
        -:   24:/*EOF*/
        -:   25:/*EOF*/
     4051:   26:/*EOF*/
     4051:   27:/*EOF*/
     4051:   28:/*EOF*/
        -:   29:/*EOF*/
        -:   30:/*EOF*/
        -:   31:/*EOF*/
      145:   32:/*EOF*/
      145:   33:/*EOF*/
      145:   34:/*EOF*/
      145:   35:/*EOF*/
      145:   36:/*EOF*/
        -:   37:/*EOF*/
        -:   38:/*EOF*/
        -:   39:/*EOF*/
     1118:   40:/*EOF*/
     1118:   41:/*EOF*/
     1118:   42:/*EOF*/
     1118:   43:/*EOF*/
     1118:   44:/*EOF*/
        -:   45:/*EOF*/
        -:   46:/*EOF*/
        -:   47:/*EOF*/
    #####:   48:/*EOF*/
        -:   49:/*EOF*/
    #####:   50:/*EOF*/
        -:   51:/*EOF*/
        -:   52:/*EOF*/
    #####:   53:/*EOF*/
    #####:   54:/*EOF*/
        -:   55:/*EOF*/
        -:   56:/*EOF*/
    #####:   57:/*EOF*/
        -:   58:/*EOF*/
        -:   59:/*EOF*/
        -:   60:/*EOF*/
    #####:   61:/*EOF*/
    #####:   62:/*EOF*/
        -:   63:/*EOF*/
    #####:   64:/*EOF*/
    #####:   65:/*EOF*/
        -:   66:/*EOF*/
    #####:   67:/*EOF*/
        -:   68:/*EOF*/
    #####:   69:/*EOF*/
    #####:   70:/*EOF*/
        -:   71:/*EOF*/
    #####:   72:/*EOF*/
        -:   73:/*EOF*/
        -:   74:/*EOF*/
    #####:   75:/*EOF*/
    #####:   76:/*EOF*/
        -:   77:/*EOF*/
    #####:   78:/*EOF*/
        -:   79:/*EOF*/
        -:   80:/*EOF*/
    #####:   81:/*EOF*/
        -:   82:/*EOF*/
        -:   83:/*EOF*/
        -:   84:/*EOF*/
    #####:   85:/*EOF*/
    #####:   86:/*EOF*/
    #####:   87:/*EOF*/
        -:   88:/*EOF*/
    #####:   89:/*EOF*/
    #####:   90:/*EOF*/
    #####:   91:/*EOF*/
    #####:   92:/*EOF*/
    #####:   93:/*EOF*/
        -:   94:/*EOF*/
    #####:   95:/*EOF*/
        -:   96:/*EOF*/
        -:   97:/*EOF*/
    #####:   98:/*EOF*/
        -:   99:/*EOF*/
        -:  100:/*EOF*/
        -:  101:/*EOF*/
        -:  102:/*EOF*/
        -:  103:/*EOF*/
        -:  104:/*EOF*/
       37:  105:/*EOF*/
       37:  106:/*EOF*/
        -:  107:/*EOF*/
       37:  108:/*EOF*/
       37:  109:/*EOF*/
       37:  110:/*EOF*/
      219:  111:/*EOF*/
      145:  112:/*EOF*/
      145:  113:/*EOF*/
       37:  114:/*EOF*/
        -:  115:/*EOF*/
      108:  116:/*EOF*/
      145:  117:/*EOF*/
      145:  118:/*EOF*/
        -:  119:/*EOF*/
        -:  120:/*EOF*/
       37:  121:/*EOF*/
       37:  122:/*EOF*/
        -:  123:/*EOF*/
       37:  124:/*EOF*/
        -:  125:/*EOF*/
        -:  126:/*EOF*/
        -:  127:/*EOF*/
        -:  128:/*EOF*/
        -:  129:/*EOF*/
        -:  130:/*EOF*/
       37:  131:/*EOF*/
       37:  132:/*EOF*/
        -:  133:/*EOF*/
       37:  134:/*EOF*/
        -:  135:/*EOF*/
        -:  136:/*EOF*/
       37:  137:/*EOF*/
      182:  138:/*EOF*/
      108:  139:/*EOF*/
      108:  140:/*EOF*/
      108:  141:/*EOF*/
      642:  142:/*EOF*/
      426:  143:/*EOF*/
      426:  144:/*EOF*/
      426:  145:/*EOF*/
        -:  146:/*EOF*/
      426:  147:/*EOF*/
       37:  148:/*EOF*/
       37:  149:/*EOF*/
       37:  150:/*EOF*/
        -:  151:/*EOF*/
        -:  152:/*EOF*/
      426:  153:/*EOF*/
      426:  154:/*EOF*/
      426:  155:/*EOF*/
        -:  156:/*EOF*/
        -:  157:/*EOF*/
        -:  158:/*EOF*/
      108:  159:/*EOF*/
    #####:  160:/*EOF*/
        -:  161:/*EOF*/
      108:  162:/*EOF*/
        -:  163:/*EOF*/
       37:  164:/*EOF*/
    #####:  165:/*EOF*/
    #####:  166:/*EOF*/
        -:  167:/*EOF*/
       37:  168:/*EOF*/
        -:  169:/*EOF*/
        -:  170:/*EOF*/
        -:  171:/*EOF*/
        -:  172:/*EOF*/
        -:  173:/*EOF*/
        -:  174:/*EOF*/
    #####:  175:/*EOF*/
    #####:  176:/*EOF*/
        -:  177:/*EOF*/
        -:  178:/*EOF*/
    #####:  179:/*EOF*/
    #####:  180:/*EOF*/
    #####:  181:/*EOF*/
        -:  182:/*EOF*/
    #####:  183:/*EOF*/
    #####:  184:/*EOF*/
    #####:  185:/*EOF*/
        -:  186:/*EOF*/
    #####:  187:/*EOF*/
        -:  188:/*EOF*/
    #####:  189:/*EOF*/
        -:  190:/*EOF*/
        -:  191:/*EOF*/
    #####:  192:/*EOF*/
        -:  193:/*EOF*/
        -:  194:/*EOF*/
        -:  195:/*EOF*/
        -:  196:/*EOF*/
        -:  197:/*EOF*/
        -:  198:/*EOF*/
       37:  199:/*EOF*/
       37:  200:/*EOF*/
        -:  201:/*EOF*/
        -:  202:/*EOF*/
       37:  203:/*EOF*/
        1:  204:/*EOF*/
        1:  205:/*EOF*/
        1:  206:/*EOF*/
        -:  207:/*EOF*/
        -:  208:/*EOF*/
       36:  209:/*EOF*/
       36:  210:/*EOF*/
        -:  211:/*EOF*/
       36:  212:/*EOF*/
        -:  213:/*EOF*/
      106:  214:/*EOF*/
        -:  215:/*EOF*/
       70:  216:/*EOF*/
        -:  217:/*EOF*/
       36:  218:/*EOF*/
        -:  219:/*EOF*/
       36:  220:/*EOF*/
        -:  221:/*EOF*/
       36:  222:/*EOF*/
        -:  223:/*EOF*/
        -:  224:/*EOF*/
       34:  225:/*EOF*/
       34:  226:/*EOF*/
       34:  227:/*EOF*/
        -:  228:/*EOF*/
        -:  229:/*EOF*/
    #####:  230:/*EOF*/
        -:  231:/*EOF*/
        -:  232:/*EOF*/
        -:  233:/*EOF*/
        -:  234:/*EOF*/
        -:  235:/*EOF*/
        -:  236:/*EOF*/
    #####:  237:/*EOF*/
    #####:  238:/*EOF*/
    #####:  239:/*EOF*/
    #####:  240:/*EOF*/
        -:  241:/*EOF*/
    #####:  242:/*EOF*/
    #####:  243:/*EOF*/
    #####:  244:/*EOF*/
        -:  245:/*EOF*/
    #####:  246:/*EOF*/
        -:  247:/*EOF*/
    #####:  248:/*EOF*/
    #####:  249:/*EOF*/
        -:  250:/*EOF*/
        -:  251:/*EOF*/
        -:  252:/*EOF*/
        -:  253:/*EOF*/
        -:  254:/*EOF*/
     4051:  255:/*EOF*/
     4051:  256:/*EOF*/
     4051:  257:/*EOF*/
     1081:  258:/*EOF*/
        -:  259:/*EOF*/
     2970:  260:/*EOF*/
    11575:  261:/*EOF*/
     5635:  262:/*EOF*/
        -:  263:/*EOF*/
     2970:  264:/*EOF*/
        -:  265:/*EOF*/
     4051:  266:/*EOF*/
     4051:  267:/*EOF*/
        -:  268:/*EOF*/
        -:  269:/*EOF*/
        -:  270:/*EOF*/
        -:  271:/*EOF*/
        -:  272:/*EOF*/
    72933:  273:/*EOF*/
        -:  274:/*EOF*/
        -:  275:/*EOF*/
        -:  276:/*EOF*/
        -:  277:/*EOF*/
        -:  278:/*EOF*/
    72933:  279:/*EOF*/
        -:  280:/*EOF*/
        -:  281:/*EOF*/
        -:  282:/*EOF*/
    #####:  283:/*EOF*/
        -:  284:/*EOF*/
        -:  285:/*EOF*/
    72933:  286:/*EOF*/
   269564:  287:/*EOF*/
   123698:  288:/*EOF*/
   123698:  289:/*EOF*/
        -:  290:/*EOF*/
        -:  291:/*EOF*/
        -:  292:/*EOF*/
        -:  293:/*EOF*/
        -:  294:/*EOF*/
        -:  295:/*EOF*/
    72933:  296:/*EOF*/
        -:  297:/*EOF*/
        -:  298:/*EOF*/
        -:  299:/*EOF*/
    #####:  300:/*EOF*/
    #####:  301:/*EOF*/
    #####:  302:/*EOF*/
    #####:  303:/*EOF*/
        -:  304:/*EOF*/
    #####:  305:/*EOF*/
        -:  306:/*EOF*/
    #####:  307:/*EOF*/
        -:  308:/*EOF*/
        -:  309:/*EOF*/
        -:  310:/*EOF*/
        -:  311:/*EOF*/
        -:  312:/*EOF*/
        -:  313:/*EOF*/
     4051:  314:/*EOF*/
     4051:  315:/*EOF*/
        -:  316:/*EOF*/
        -:  317:/*EOF*/
        -:  318:/*EOF*/
        -:  319:/*EOF*/
        -:  320:/*EOF*/
        -:  321:/*EOF*/
     1454:  322:/*EOF*/
     1454:  323:/*EOF*/
        -:  324:/*EOF*/
        -:  325:/*EOF*/
        -:  326:/*EOF*/
    #####:  327:/*EOF*/
        -:  328:/*EOF*/
    #####:  329:/*EOF*/
    #####:  330:/*EOF*/
    #####:  331:/*EOF*/
    #####:  332:/*EOF*/
    #####:  333:/*EOF*/
        -:  334:/*EOF*/
    #####:  335:/*EOF*/
    #####:  336:/*EOF*/
