        -:    0:Source:conflict.c
        -:    0:Graph:./solvers/solver1/conflict.gcno
        -:    0:Data:./solvers/solver1/conflict.gcda
        -:    0:Runs:149
        -:    0:Programs:1
        -:    1:/*EOF*/
        -:    2:/*EOF*/
        -:    3:/*EOF*/
        -:    4:/*EOF*/
        -:    5:/*EOF*/
        -:    6:/*EOF*/
        -:    7:/*EOF*/
        -:    8:/*EOF*/
        -:    9:/*EOF*/
        -:   10:/*EOF*/
        -:   11:/*EOF*/
        -:   12:/*EOF*/
        -:   13:/*EOF*/
      410:   14:/*EOF*/
        -:   15:/*EOF*/
        -:   16:/*EOF*/
      410:   17:/*EOF*/
      410:   18:/*EOF*/
        -:   19:/*EOF*/
      410:   20:/*EOF*/
        -:   21:/*EOF*/
     1372:   22:/*EOF*/
      552:   23:/*EOF*/
      552:   24:/*EOF*/
    #####:   25:/*EOF*/
        -:   26:/*EOF*/
    #####:   27:/*EOF*/
        -:   28:/*EOF*/
      552:   29:/*EOF*/
        -:   30:/*EOF*/
      552:   31:/*EOF*/
      105:   32:/*EOF*/
      105:   33:/*EOF*/
        -:   34:/*EOF*/
      447:   35:/*EOF*/
        -:   36:/*EOF*/
      523:   37:/*EOF*/
      521:   38:/*EOF*/
      445:   39:/*EOF*/
      445:   40:/*EOF*/
        -:   41:/*EOF*/
        -:   42:/*EOF*/
        -:   43:/*EOF*/
      447:   44:/*EOF*/
        -:   45:/*EOF*/
        -:   46:/*EOF*/
        -:   47:/*EOF*/
        -:   48:/*EOF*/
        -:   49:/*EOF*/
        -:   50:/*EOF*/
        -:   51:/*EOF*/
        -:   52:/*EOF*/
       37:   53:/*EOF*/
      447:   54:/*EOF*/
        -:   55:/*EOF*/
        -:   56:/*EOF*/
        -:   57:/*EOF*/
        -:   58:/*EOF*/
      373:   59:/*EOF*/
        -:   60:/*EOF*/
      373:   61:/*EOF*/
    #####:   62:/*EOF*/
    #####:   63:/*EOF*/
        -:   64:/*EOF*/
        -:   65:/*EOF*/
        -:   66:/*EOF*/
        -:   67:/*EOF*/
      373:   68:/*EOF*/
      373:   69:/*EOF*/
      373:   70:/*EOF*/
        -:   71:/*EOF*/
      410:   72:/*EOF*/
      410:   73:/*EOF*/
      410:   74:/*EOF*/
        -:   75:/*EOF*/
      410:   76:/*EOF*/
        -:   77:/*EOF*/
        -:   78:/*EOF*/
      373:   79:/*EOF*/
        -:   80:/*EOF*/
       37:   81:/*EOF*/
    #####:   82:/*EOF*/
        -:   83:/*EOF*/
       37:   84:/*EOF*/
        -:   85:/*EOF*/
       37:   86:/*EOF*/
       37:   87:/*EOF*/
        -:   88:/*EOF*/
        -:   89:/*EOF*/
        -:   90:/*EOF*/
       37:   91:/*EOF*/
    #####:   92:/*EOF*/
        -:   93:/*EOF*/
       37:   94:/*EOF*/
        -:   95:/*EOF*/
        -:   96:/*EOF*/
       37:   97:/*EOF*/
    #####:   98:/*EOF*/
        -:   99:/*EOF*/
        -:  100:/*EOF*/
    #####:  101:/*EOF*/
    #####:  102:/*EOF*/
        -:  103:/*EOF*/
        -:  104:/*EOF*/
        -:  105:/*EOF*/
        -:  106:/*EOF*/
      373:  107:/*EOF*/
        -:  108:/*EOF*/
      373:  109:/*EOF*/
    #####:  110:/*EOF*/
        -:  111:/*EOF*/
    #####:  112:/*EOF*/
        -:  113:/*EOF*/
        -:  114:/*EOF*/
      373:  115:/*EOF*/
    #####:  116:/*EOF*/
        -:  117:/*EOF*/
    #####:  118:/*EOF*/
        -:  119:/*EOF*/
      373:  120:/*EOF*/
      674:  121:/*EOF*/
      337:  122:/*EOF*/
      337:  123:/*EOF*/
        -:  124:/*EOF*/
        -:  125:/*EOF*/
       36:  126:/*EOF*/
       36:  127:/*EOF*/
       36:  128:/*EOF*/
      179:  129:/*EOF*/
      107:  130:/*EOF*/
      107:  131:/*EOF*/
    #####:  132:/*EOF*/
        -:  133:/*EOF*/
    #####:  134:/*EOF*/
        -:  135:/*EOF*/
      107:  136:/*EOF*/
        -:  137:/*EOF*/
        -:  138:/*EOF*/
        -:  139:/*EOF*/
      178:  140:/*EOF*/
       71:  141:/*EOF*/
       35:  142:/*EOF*/
       72:  143:/*EOF*/
       36:  144:/*EOF*/
       36:  145:/*EOF*/
        -:  146:/*EOF*/
      107:  147:/*EOF*/
        -:  148:/*EOF*/
       36:  149:/*EOF*/
       36:  150:/*EOF*/
        -:  151:/*EOF*/
        -:  152:/*EOF*/
        -:  153:/*EOF*/
        -:  154:/*EOF*/
      373:  155:/*EOF*/
        -:  156:/*EOF*/
      373:  157:/*EOF*/
    #####:  158:/*EOF*/
        -:  159:/*EOF*/
    #####:  160:/*EOF*/
        -:  161:/*EOF*/
        -:  162:/*EOF*/
      373:  163:/*EOF*/
      338:  164:/*EOF*/
        -:  165:/*EOF*/
      373:  166:/*EOF*/
     1185:  167:/*EOF*/
      812:  168:/*EOF*/
        -:  169:/*EOF*/
      812:  170:/*EOF*/
     2788:  171:/*EOF*/
     1164:  172:/*EOF*/
     1164:  173:/*EOF*/
     1164:  174:/*EOF*/
        -:  175:/*EOF*/
        -:  176:/*EOF*/
      373:  177:/*EOF*/
       35:  178:/*EOF*/
      373:  179:/*EOF*/
        -:  180:/*EOF*/
        -:  181:/*EOF*/
        -:  182:/*EOF*/
      373:  183:/*EOF*/
        -:  184:/*EOF*/
      373:  185:/*EOF*/
        -:  186:/*EOF*/
      373:  187:/*EOF*/
      373:  188:/*EOF*/
        -:  189:/*EOF*/
      373:  190:/*EOF*/
    #####:  191:/*EOF*/
        -:  192:/*EOF*/
        -:  193:/*EOF*/
    #####:  194:/*EOF*/
        -:  195:/*EOF*/
      373:  196:/*EOF*/
      373:  197:/*EOF*/
        -:  198:/*EOF*/
      373:  199:/*EOF*/
