        -:    0:Source:decision.c
        -:    0:Graph:./solvers/solver1/decision.gcno
        -:    0:Data:./solvers/solver1/decision.gcda
        -:    0:Runs:149
        -:    0:Programs:1
        -:    1:/*EOF*/
        -:    2:/*EOF*/
        -:    3:/*EOF*/
        -:    4:/*EOF*/
        -:    5:/*EOF*/
        -:    6:/*EOF*/
     3822:    7:/*EOF*/
        -:    8:/*EOF*/
     3822:    9:/*EOF*/
     3822:   10:/*EOF*/
     3822:   11:/*EOF*/
     3822:   12:/*EOF*/
     3822:   13:/*EOF*/
     3822:   14:/*EOF*/
     3822:   15:/*EOF*/
        -:   16:/*EOF*/
        -:   17:/*EOF*/
        -:   18:/*EOF*/
     1069:   19:/*EOF*/
        -:   20:/*EOF*/
     1069:   21:/*EOF*/
     1069:   22:/*EOF*/
     1069:   23:/*EOF*/
        -:   24:/*EOF*/
     1069:   25:/*EOF*/
     1069:   26:/*EOF*/
     1069:   27:/*EOF*/
     1069:   28:/*EOF*/
     1069:   29:/*EOF*/
     1069:   30:/*EOF*/
        -:   31:/*EOF*/
        -:   32:/*EOF*/
     1736:   33:/*EOF*/
        -:   34:/*EOF*/
     1736:   35:/*EOF*/
     1736:   36:/*EOF*/
     1736:   37:/*EOF*/
        -:   38:/*EOF*/
     1736:   39:/*EOF*/
     1736:   40:/*EOF*/
     1736:   41:/*EOF*/
     1736:   42:/*EOF*/
     1736:   43:/*EOF*/
     1736:   44:/*EOF*/
        -:   45:/*EOF*/
        -:   46:/*EOF*/
   129041:   47:/*EOF*/
        -:   48:/*EOF*/
   129041:   49:/*EOF*/
        -:   50:/*EOF*/
        -:   51:/*EOF*/
    25328:   52:/*EOF*/
        -:   53:/*EOF*/
    25328:   54:/*EOF*/
      350:   55:/*EOF*/
        -:   56:/*EOF*/
    24978:   57:/*EOF*/
    24978:   58:/*EOF*/
    24978:   59:/*EOF*/
        -:   60:/*EOF*/
        -:   61:/*EOF*/
        -:   62:/*EOF*/
    15796:   63:/*EOF*/
        -:   64:/*EOF*/
    15796:   65:/*EOF*/
     3822:   66:/*EOF*/
     3822:   67:/*EOF*/
        -:   68:/*EOF*/
        -:   69:/*EOF*/
    11974:   70:/*EOF*/
     7704:   71:/*EOF*/
        -:   72:/*EOF*/
     4270:   73:/*EOF*/
        -:   74:/*EOF*/
    11974:   75:/*EOF*/
    11974:   76:/*EOF*/
    11974:   77:/*EOF*/
    11974:   78:/*EOF*/
    11974:   79:/*EOF*/
       91:   80:/*EOF*/
    11883:   81:/*EOF*/
      298:   82:/*EOF*/
      298:   83:/*EOF*/
    11585:   84:/*EOF*/
      964:   85:/*EOF*/
    10621:   86:/*EOF*/
      299:   87:/*EOF*/
      299:   88:/*EOF*/
        -:   89:/*EOF*/
    11974:   90:/*EOF*/
        -:   91:/*EOF*/
        -:   92:/*EOF*/
        -:   93:/*EOF*/
    #####:   94:/*EOF*/
        -:   95:/*EOF*/
    #####:   96:/*EOF*/
    #####:   97:/*EOF*/
    #####:   98:/*EOF*/
        -:   99:/*EOF*/
    #####:  100:/*EOF*/
        -:  101:/*EOF*/
        -:  102:/*EOF*/
        -:  103:/*EOF*/
     2554:  104:/*EOF*/
        -:  105:/*EOF*/
     2554:  106:/*EOF*/
    #####:  107:/*EOF*/
        -:  108:/*EOF*/
     2554:  109:/*EOF*/
     1120:  110:/*EOF*/
        -:  111:/*EOF*/
        -:  112:/*EOF*/
     1434:  113:/*EOF*/
    #####:  114:/*EOF*/
        -:  115:/*EOF*/
        -:  116:/*EOF*/
        -:  117:/*EOF*/
        -:  118:/*EOF*/
     1434:  119:/*EOF*/
     1050:  120:/*EOF*/
     1050:  121:/*EOF*/
     1050:  122:/*EOF*/
     1050:  123:/*EOF*/
     1050:  124:/*EOF*/
      384:  125:/*EOF*/
      236:  126:/*EOF*/
      236:  127:/*EOF*/
        -:  128:/*EOF*/
      148:  129:/*EOF*/
      148:  130:/*EOF*/
        -:  131:/*EOF*/
      384:  132:/*EOF*/
        -:  133:/*EOF*/
        -:  134:/*EOF*/
        -:  135:/*EOF*/
    12688:  136:/*EOF*/
        -:  137:/*EOF*/
    12688:  138:/*EOF*/
     1336:  139:/*EOF*/
        -:  140:/*EOF*/
    11352:  141:/*EOF*/
     8208:  142:/*EOF*/
     5654:  143:/*EOF*/
        -:  144:/*EOF*/
     2554:  145:/*EOF*/
     3144:  146:/*EOF*/
     3144:  147:/*EOF*/
        -:  148:/*EOF*/
    #####:  149:/*EOF*/
        -:  150:/*EOF*/
        -:  151:/*EOF*/
    11352:  152:/*EOF*/
     1120:  153:/*EOF*/
        -:  154:/*EOF*/
        -:  155:/*EOF*/
    10232:  156:/*EOF*/
        -:  157:/*EOF*/
    10232:  158:/*EOF*/
        -:  159:/*EOF*/
    10232:  160:/*EOF*/
       65:  161:/*EOF*/
    10167:  162:/*EOF*/
       78:  163:/*EOF*/
       78:  164:/*EOF*/
    10089:  165:/*EOF*/
       55:  166:/*EOF*/
    10034:  167:/*EOF*/
       42:  168:/*EOF*/
       42:  169:/*EOF*/
        -:  170:/*EOF*/
        -:  171:/*EOF*/
    10232:  172:/*EOF*/
        -:  173:/*EOF*/
        -:  174:/*EOF*/
        -:  175:/*EOF*/
     2053:  176:/*EOF*/
        -:  177:/*EOF*/
     2053:  178:/*EOF*/
     2053:  179:/*EOF*/
     2053:  180:/*EOF*/
     2053:  181:/*EOF*/
     2053:  182:/*EOF*/
     2053:  183:/*EOF*/
        -:  184:/*EOF*/
     6643:  185:/*EOF*/
     2537:  186:/*EOF*/
     2537:  187:/*EOF*/
     2537:  188:/*EOF*/
     2537:  189:/*EOF*/
     2537:  190:/*EOF*/
        -:  191:/*EOF*/
     2053:  192:/*EOF*/
        -:  193:/*EOF*/
     2053:  194:/*EOF*/
      566:  195:/*EOF*/
      566:  196:/*EOF*/
     1487:  197:/*EOF*/
      106:  198:/*EOF*/
      106:  199:/*EOF*/
      106:  200:/*EOF*/
     1381:  201:/*EOF*/
      435:  202:/*EOF*/
      435:  203:/*EOF*/
        -:  204:/*EOF*/
      946:  205:/*EOF*/
        -:  206:/*EOF*/
        -:  207:/*EOF*/
     3918:  208:/*EOF*/
     2537:  209:/*EOF*/
        -:  210:/*EOF*/
        -:  211:/*EOF*/
        -:  212:/*EOF*/
     1381:  213:/*EOF*/
     1381:  214:/*EOF*/
        -:  215:/*EOF*/
     1381:  216:/*EOF*/
      196:  217:/*EOF*/
     1185:  218:/*EOF*/
    #####:  219:/*EOF*/
    #####:  220:/*EOF*/
        -:  221:/*EOF*/
        -:  222:/*EOF*/
     1381:  223:/*EOF*/
