        -:    0:Source:formula.c
        -:    0:Graph:./solvers/solver1/formula.gcno
        -:    0:Data:./solvers/solver1/formula.gcda
        -:    0:Runs:149
        -:    0:Programs:1
        -:    1:/*EOF*/
        -:    2:/*EOF*/
        -:    3:/*EOF*/
        -:    4:/*EOF*/
        -:    5:/*EOF*/
        -:    6:/*EOF*/
        -:    7:/*EOF*/
        -:    8:/*EOF*/
        -:    9:/*EOF*/
        -:   10:/*EOF*/
        -:   11:/*EOF*/
        -:   12:/*EOF*/
        -:   13:/*EOF*/
        -:   14:/*EOF*/
        -:   15:/*EOF*/
        -:   16:/*EOF*/
      140:   17:/*EOF*/
        -:   18:/*EOF*/
      140:   19:/*EOF*/
      847:   20:/*EOF*/
      707:   21:/*EOF*/
      707:   22:/*EOF*/
      707:   23:/*EOF*/
        -:   24:/*EOF*/
        -:   25:/*EOF*/
      707:   26:/*EOF*/
      707:   27:/*EOF*/
        -:   28:/*EOF*/
        -:   29:/*EOF*/
      707:   30:/*EOF*/
      707:   31:/*EOF*/
        -:   32:/*EOF*/
      140:   33:/*EOF*/
        -:   34:/*EOF*/
        -:   35:/*EOF*/
        -:   36:/*EOF*/
      140:   37:/*EOF*/
        -:   38:/*EOF*/
      140:   39:/*EOF*/
      140:   40:/*EOF*/
      140:   41:/*EOF*/
      140:   42:/*EOF*/
      140:   43:/*EOF*/
      140:   44:/*EOF*/
      140:   45:/*EOF*/
        -:   46:/*EOF*/
        -:   47:/*EOF*/
        -:   48:/*EOF*/
      140:   49:/*EOF*/
      140:   50:/*EOF*/
      140:   51:/*EOF*/
      140:   52:/*EOF*/
      140:   53:/*EOF*/
      140:   54:/*EOF*/
      140:   55:/*EOF*/
      140:   56:/*EOF*/
        -:   57:/*EOF*/
        -:   58:/*EOF*/
        -:   59:/*EOF*/
    #####:   60:/*EOF*/
    #####:   61:/*EOF*/
    #####:   62:/*EOF*/
        -:   63:/*EOF*/
    #####:   64:/*EOF*/
    #####:   65:/*EOF*/
    #####:   66:/*EOF*/
        -:   67:/*EOF*/
    #####:   68:/*EOF*/
    #####:   69:/*EOF*/
    #####:   70:/*EOF*/
    #####:   71:/*EOF*/
    #####:   72:/*EOF*/
    #####:   73:/*EOF*/
    #####:   74:/*EOF*/
        -:   75:/*EOF*/
        -:   76:/*EOF*/
    #####:   77:/*EOF*/
    #####:   78:/*EOF*/
        -:   79:/*EOF*/
    #####:   80:/*EOF*/
        -:   81:/*EOF*/
    #####:   82:/*EOF*/
        -:   83:/*EOF*/
        -:   84:/*EOF*/
    #####:   85:/*EOF*/
    #####:   86:/*EOF*/
        -:   87:/*EOF*/
    #####:   88:/*EOF*/
    #####:   89:/*EOF*/
        -:   90:/*EOF*/
        -:   91:/*EOF*/
    #####:   92:/*EOF*/
        -:   93:/*EOF*/
        -:   94:/*EOF*/
        -:   95:/*EOF*/
      149:   96:/*EOF*/
        -:   97:/*EOF*/
      149:   98:/*EOF*/
      149:   99:/*EOF*/
    #####:  100:/*EOF*/
    #####:  101:/*EOF*/
        -:  102:/*EOF*/
        -:  103:/*EOF*/
      149:  104:/*EOF*/
      149:  105:/*EOF*/
        -:  106:/*EOF*/
        -:  107:/*EOF*/
      149:  108:/*EOF*/
        -:  109:/*EOF*/
      149:  110:/*EOF*/
      149:  111:/*EOF*/
        -:  112:/*EOF*/
        -:  113:/*EOF*/
      149:  114:/*EOF*/
        -:  115:/*EOF*/
    #####:  116:/*EOF*/
      149:  117:/*EOF*/
        -:  118:/*EOF*/
      140:  119:/*EOF*/
        -:  120:/*EOF*/
        -:  121:/*EOF*/
        9:  122:/*EOF*/
        9:  123:/*EOF*/
        -:  124:/*EOF*/
      140:  125:/*EOF*/
        -:  126:/*EOF*/
        -:  127:/*EOF*/
        -:  128:/*EOF*/
      140:  129:/*EOF*/
      140:  130:/*EOF*/
     1221:  131:/*EOF*/
        -:  132:/*EOF*/
     1081:  133:/*EOF*/
     1081:  134:/*EOF*/
        -:  135:/*EOF*/
        -:  136:/*EOF*/
     5132:  137:/*EOF*/
     5132:  138:/*EOF*/
     4051:  139:/*EOF*/
     4051:  140:/*EOF*/
     2057:  141:/*EOF*/
        -:  142:/*EOF*/
     1994:  143:/*EOF*/
        -:  144:/*EOF*/
     4051:  145:/*EOF*/
        -:  146:/*EOF*/
     5132:  147:/*EOF*/
     1081:  148:/*EOF*/
        -:  149:/*EOF*/
      140:  150:/*EOF*/
        -:  151:/*EOF*/
        -:  152:/*EOF*/
      140:  153:/*EOF*/
        -:  154:/*EOF*/
        -:  155:/*EOF*/
      140:  156:/*EOF*/
      140:  157:/*EOF*/
      140:  158:/*EOF*/
      140:  159:/*EOF*/
        -:  160:/*EOF*/
        -:  161:/*EOF*/
        -:  162:/*EOF*/
        -:  163:/*EOF*/
      140:  164:/*EOF*/
        -:  165:/*EOF*/
        -:  166:/*EOF*/
        -:  167:/*EOF*/
      140:  168:/*EOF*/
      847:  169:/*EOF*/
      707:  170:/*EOF*/
      707:  171:/*EOF*/
        -:  172:/*EOF*/
      140:  173:/*EOF*/
        -:  174:/*EOF*/
        -:  175:/*EOF*/
        -:  176:/*EOF*/
        -:  177:/*EOF*/
      140:  178:/*EOF*/
        -:  179:/*EOF*/
      140:  180:/*EOF*/
        -:  181:/*EOF*/
      140:  182:/*EOF*/
      140:  183:/*EOF*/
        -:  184:/*EOF*/
        -:  185:/*EOF*/
        -:  186:/*EOF*/
        -:  187:/*EOF*/
      140:  188:/*EOF*/
      140:  189:/*EOF*/
      140:  190:/*EOF*/
      140:  191:/*EOF*/
      140:  192:/*EOF*/
        -:  193:/*EOF*/
      140:  194:/*EOF*/
      140:  195:/*EOF*/
     1221:  196:/*EOF*/
     1081:  197:/*EOF*/
     1081:  198:/*EOF*/
     1081:  199:/*EOF*/
        -:  200:/*EOF*/
     1081:  201:/*EOF*/
        -:  202:/*EOF*/
     1081:  203:/*EOF*/
     1081:  204:/*EOF*/
        -:  205:/*EOF*/
     1081:  206:/*EOF*/
     1081:  207:/*EOF*/
        -:  208:/*EOF*/
        -:  209:/*EOF*/
      140:  210:/*EOF*/
      140:  211:/*EOF*/
      140:  212:/*EOF*/
      140:  213:/*EOF*/
      140:  214:/*EOF*/
      140:  215:/*EOF*/
      140:  216:/*EOF*/
      140:  217:/*EOF*/
        -:  218:/*EOF*/
      140:  219:/*EOF*/
        -:  220:/*EOF*/
        -:  221:/*EOF*/
        -:  222:/*EOF*/
    #####:  223:/*EOF*/
        -:  224:/*EOF*/
        -:  225:/*EOF*/
        -:  226:/*EOF*/
        -:  227:/*EOF*/
        -:  228:/*EOF*/
        -:  229:/*EOF*/
    #####:  230:/*EOF*/
    #####:  231:/*EOF*/
    #####:  232:/*EOF*/
    #####:  233:/*EOF*/
        -:  234:/*EOF*/
    #####:  235:/*EOF*/
    #####:  236:/*EOF*/
    #####:  237:/*EOF*/
    #####:  238:/*EOF*/
    #####:  239:/*EOF*/
    #####:  240:/*EOF*/
    #####:  241:/*EOF*/
    #####:  242:/*EOF*/
        -:  243:/*EOF*/
        -:  244:/*EOF*/
    #####:  245:/*EOF*/
        -:  246:/*EOF*/
        -:  247:/*EOF*/
        -:  248:/*EOF*/
        -:  249:/*EOF*/
        -:  250:/*EOF*/
        -:  251:/*EOF*/
        -:  252:/*EOF*/
        -:  253:/*EOF*/
        -:  254:/*EOF*/
    #####:  255:/*EOF*/
    #####:  256:/*EOF*/
        -:  257:/*EOF*/
    #####:  258:/*EOF*/
    #####:  259:/*EOF*/
    #####:  260:/*EOF*/
    #####:  261:/*EOF*/
    #####:  262:/*EOF*/
        -:  263:/*EOF*/
        -:  264:/*EOF*/
        -:  265:/*EOF*/
    #####:  266:/*EOF*/
        -:  267:/*EOF*/
        -:  268:/*EOF*/
        -:  269:/*EOF*/
        -:  270:/*EOF*/
        -:  271:/*EOF*/
        -:  272:/*EOF*/
        -:  273:/*EOF*/
     1836:  274:/*EOF*/
        -:  275:/*EOF*/
     1836:  276:/*EOF*/
     1836:  277:/*EOF*/
     1836:  278:/*EOF*/
    #####:  279:/*EOF*/
        -:  280:/*EOF*/
    #####:  281:/*EOF*/
        -:  282:/*EOF*/
        -:  283:/*EOF*/
     1836:  284:/*EOF*/
        -:  285:/*EOF*/
     1836:  286:/*EOF*/
    #####:  287:/*EOF*/
        -:  288:/*EOF*/
    #####:  289:/*EOF*/
        -:  290:/*EOF*/
        -:  291:/*EOF*/
        -:  292:/*EOF*/
     3672:  293:/*EOF*/
     1836:  294:/*EOF*/
     3672:  295:/*EOF*/
     1836:  296:/*EOF*/
     1836:  297:/*EOF*/
     1836:  298:/*EOF*/
        -:  299:/*EOF*/
     1836:  300:/*EOF*/
        -:  301:/*EOF*/
     1836:  302:/*EOF*/
        -:  303:/*EOF*/
     1836:  304:/*EOF*/
     1836:  305:/*EOF*/
     1836:  306:/*EOF*/
     1836:  307:/*EOF*/
        -:  308:/*EOF*/
     1836:  309:/*EOF*/
     1836:  310:/*EOF*/
     1836:  311:/*EOF*/
     1836:  312:/*EOF*/
     1836:  313:/*EOF*/
     1278:  314:/*EOF*/
        -:  315:/*EOF*/
      558:  316:/*EOF*/
        -:  317:/*EOF*/
     1836:  318:/*EOF*/
     1836:  319:/*EOF*/
        -:  320:/*EOF*/
        -:  321:/*EOF*/
        -:  322:/*EOF*/
     1164:  323:/*EOF*/
        -:  324:/*EOF*/
     1164:  325:/*EOF*/
     1164:  326:/*EOF*/
     1164:  327:/*EOF*/
     1164:  328:/*EOF*/
     1164:  329:/*EOF*/
     1164:  330:/*EOF*/
     1164:  331:/*EOF*/
     1164:  332:/*EOF*/
        -:  333:/*EOF*/
     1164:  334:/*EOF*/
     1164:  335:/*EOF*/
     1164:  336:/*EOF*/
        -:  337:/*EOF*/
     1164:  338:/*EOF*/
        -:  339:/*EOF*/
     1164:  340:/*EOF*/
     1164:  341:/*EOF*/
     1164:  342:/*EOF*/
     1164:  343:/*EOF*/
        -:  344:/*EOF*/
     1164:  345:/*EOF*/
     1026:  346:/*EOF*/
        -:  347:/*EOF*/
     1164:  348:/*EOF*/
        -:  349:/*EOF*/
        -:  350:/*EOF*/
        -:  351:/*EOF*/
        -:  352:/*EOF*/
        -:  353:/*EOF*/
        -:  354:/*EOF*/
     1164:  355:/*EOF*/
        -:  356:/*EOF*/
     1164:  357:/*EOF*/
    #####:  358:/*EOF*/
        -:  359:/*EOF*/
     1164:  360:/*EOF*/
    #####:  361:/*EOF*/
        -:  362:/*EOF*/
    #####:  363:/*EOF*/
        -:  364:/*EOF*/
        -:  365:/*EOF*/
     1164:  366:/*EOF*/
     1164:  367:/*EOF*/
        -:  368:/*EOF*/
     1164:  369:/*EOF*/
     1164:  370:/*EOF*/
     1164:  371:/*EOF*/
        -:  372:/*EOF*/
     1164:  373:/*EOF*/
     1164:  374:/*EOF*/
     1164:  375:/*EOF*/
        -:  376:/*EOF*/
     2328:  377:/*EOF*/
    #####:  378:/*EOF*/
    #####:  379:/*EOF*/
    #####:  380:/*EOF*/
    #####:  381:/*EOF*/
        -:  382:/*EOF*/
    #####:  383:/*EOF*/
    #####:  384:/*EOF*/
    #####:  385:/*EOF*/
    #####:  386:/*EOF*/
        -:  387:/*EOF*/
        -:  388:/*EOF*/
        -:  389:/*EOF*/
     1164:  390:/*EOF*/
    #####:  391:/*EOF*/
        -:  392:/*EOF*/
        -:  393:/*EOF*/
    #####:  394:/*EOF*/
        -:  395:/*EOF*/
     1164:  396:/*EOF*/
     1164:  397:/*EOF*/
     1164:  398:/*EOF*/
        -:  399:/*EOF*/
        -:  400:/*EOF*/
        -:  401:/*EOF*/
      373:  402:/*EOF*/
        -:  403:/*EOF*/
      373:  404:/*EOF*/
    #####:  405:/*EOF*/
        -:  406:/*EOF*/
    #####:  407:/*EOF*/
        -:  408:/*EOF*/
        -:  409:/*EOF*/
      373:  410:/*EOF*/
    #####:  411:/*EOF*/
    #####:  412:/*EOF*/
        -:  413:/*EOF*/
        -:  414:/*EOF*/
      373:  415:/*EOF*/
      373:  416:/*EOF*/
      357:  417:/*EOF*/
        -:  418:/*EOF*/
      357:  419:/*EOF*/
      357:  420:/*EOF*/
        -:  421:/*EOF*/
        -:  422:/*EOF*/
       16:  423:/*EOF*/
        3:  424:/*EOF*/
        -:  425:/*EOF*/
       16:  426:/*EOF*/
        -:  427:/*EOF*/
       16:  428:/*EOF*/
        -:  429:/*EOF*/
        -:  430:/*EOF*/
        -:  431:/*EOF*/
        -:  432:/*EOF*/
       16:  433:/*EOF*/
        -:  434:/*EOF*/
      115:  435:/*EOF*/
       99:  436:/*EOF*/
       99:  437:/*EOF*/
        -:  438:/*EOF*/
       99:  439:/*EOF*/
        -:  440:/*EOF*/
       99:  441:/*EOF*/
       99:  442:/*EOF*/
        -:  443:/*EOF*/
       99:  444:/*EOF*/
        -:  445:/*EOF*/
       99:  446:/*EOF*/
        -:  447:/*EOF*/
        -:  448:/*EOF*/
       99:  449:/*EOF*/
       99:  450:/*EOF*/
        -:  451:/*EOF*/
       99:  452:/*EOF*/
        -:  453:/*EOF*/
       99:  454:/*EOF*/
        -:  455:/*EOF*/
        -:  456:/*EOF*/
       99:  457:/*EOF*/
       99:  458:/*EOF*/
        -:  459:/*EOF*/
       16:  460:/*EOF*/
        -:  461:/*EOF*/
        -:  462:/*EOF*/
        -:  463:/*EOF*/
       16:  464:/*EOF*/
        -:  465:/*EOF*/
       16:  466:/*EOF*/
       52:  467:/*EOF*/
       20:  468:/*EOF*/
        -:  469:/*EOF*/
       20:  470:/*EOF*/
       12:  471:/*EOF*/
       12:  472:/*EOF*/
        -:  473:/*EOF*/
        8:  474:/*EOF*/
        8:  475:/*EOF*/
        -:  476:/*EOF*/
       20:  477:/*EOF*/
        -:  478:/*EOF*/
       20:  479:/*EOF*/
       20:  480:/*EOF*/
        -:  481:/*EOF*/
       16:  482:/*EOF*/
       16:  483:/*EOF*/
        -:  484:/*EOF*/
        -:  485:/*EOF*/
      140:  486:/*EOF*/
        -:  487:/*EOF*/
      140:  488:/*EOF*/
    #####:  489:/*EOF*/
        -:  490:/*EOF*/
        -:  491:/*EOF*/
      140:  492:/*EOF*/
      140:  493:/*EOF*/
        -:  494:/*EOF*/
        -:  495:/*EOF*/
        -:  496:/*EOF*/
      140:  497:/*EOF*/
        -:  498:/*EOF*/
      140:  499:/*EOF*/
    #####:  500:/*EOF*/
        -:  501:/*EOF*/
      140:  502:/*EOF*/
      140:  503:/*EOF*/
      140:  504:/*EOF*/
      140:  505:/*EOF*/
      140:  506:/*EOF*/
      140:  507:/*EOF*/
      140:  508:/*EOF*/
        -:  509:/*EOF*/
        -:  510:/*EOF*/
        -:  511:/*EOF*/
     3640:  512:/*EOF*/
        -:  513:/*EOF*/
     3640:  514:/*EOF*/
    #####:  515:/*EOF*/
        -:  516:/*EOF*/
    #####:  517:/*EOF*/
        -:  518:/*EOF*/
     3640:  519:/*EOF*/
     3640:  520:/*EOF*/
     3640:  521:/*EOF*/
      613:  522:/*EOF*/
        -:  523:/*EOF*/
     3027:  524:/*EOF*/
     3640:  525:/*EOF*/
     3640:  526:/*EOF*/
        -:  527:/*EOF*/
        -:  528:/*EOF*/
        -:  529:/*EOF*/
    #####:  530:/*EOF*/
        -:  531:/*EOF*/
    #####:  532:/*EOF*/
    #####:  533:/*EOF*/
        -:  534:/*EOF*/
    #####:  535:/*EOF*/
        -:  536:/*EOF*/
    #####:  537:/*EOF*/
        -:  538:/*EOF*/
    #####:  539:/*EOF*/
    #####:  540:/*EOF*/
        -:  541:/*EOF*/
    #####:  542:/*EOF*/
        -:  543:/*EOF*/
    #####:  544:/*EOF*/
        -:  545:/*EOF*/
    #####:  546:/*EOF*/
    #####:  547:/*EOF*/
    #####:  548:/*EOF*/
    #####:  549:/*EOF*/
        -:  550:/*EOF*/
    #####:  551:/*EOF*/
    #####:  552:/*EOF*/
    #####:  553:/*EOF*/
    #####:  554:/*EOF*/
    #####:  555:/*EOF*/
    #####:  556:/*EOF*/
    #####:  557:/*EOF*/
    #####:  558:/*EOF*/
        -:  559:/*EOF*/
    #####:  560:/*EOF*/
    #####:  561:/*EOF*/
    #####:  562:/*EOF*/
    #####:  563:/*EOF*/
    #####:  564:/*EOF*/
