        -:    0:Source:solver.c
        -:    0:Graph:./solvers/solver1/solver.gcno
        -:    0:Data:./solvers/solver1/solver.gcda
        -:    0:Runs:149
        -:    0:Programs:1
        -:    1:/*EOF*/
        -:    2:/*EOF*/
        -:    3:/*EOF*/
        -:    4:/*EOF*/
        -:    5:/*EOF*/
        -:    6:/*EOF*/
        -:    7:/*EOF*/
        -:    8:/*EOF*/
        -:    9:/*EOF*/
        -:   10:/*EOF*/
        -:   11:/*EOF*/
        -:   12:/*EOF*/
        -:   13:/*EOF*/
        -:   14:/*EOF*/
        -:   15:/*EOF*/
        -:   16:/*EOF*/
        -:   17:/*EOF*/
        -:   18:/*EOF*/
        -:   19:/*EOF*/
        -:   20:/*EOF*/
        -:   21:/*EOF*/
        -:   22:/*EOF*/
        -:   23:/*EOF*/
        -:   24:/*EOF*/
     1295:   25:/*EOF*/
        -:   26:/*EOF*/
     1295:   27:/*EOF*/
     1295:   28:/*EOF*/
     1295:   29:/*EOF*/
     1295:   30:/*EOF*/
        -:   31:/*EOF*/
     2523:   32:/*EOF*/
     2523:   33:/*EOF*/
        -:   34:/*EOF*/
        -:   35:/*EOF*/
        -:   36:/*EOF*/
     1768:   37:/*EOF*/
     1768:   38:/*EOF*/
        -:   39:/*EOF*/
        -:   40:/*EOF*/
        -:   41:/*EOF*/
     1768:   42:/*EOF*/
     1768:   43:/*EOF*/
     1768:   44:/*EOF*/
    #####:   45:/*EOF*/
        -:   46:/*EOF*/
     1768:   47:/*EOF*/
     1768:   48:/*EOF*/
        -:   49:/*EOF*/
     1768:   50:/*EOF*/
        -:   51:/*EOF*/
        -:   52:/*EOF*/
     1630:   53:/*EOF*/
     1630:   54:/*EOF*/
     1630:   55:/*EOF*/
    #####:   56:/*EOF*/
        -:   57:/*EOF*/
     1630:   58:/*EOF*/
     1630:   59:/*EOF*/
        -:   60:/*EOF*/
        -:   61:/*EOF*/
        -:   62:/*EOF*/
     1033:   63:/*EOF*/
        -:   64:/*EOF*/
        -:   65:/*EOF*/
     1033:   66:/*EOF*/
     1033:   67:/*EOF*/
      111:   68:/*EOF*/
        -:   69:/*EOF*/
        -:   70:/*EOF*/
        -:   71:/*EOF*/
        -:   72:/*EOF*/
     1925:   73:/*EOF*/
     1003:   74:/*EOF*/
        -:   75:/*EOF*/
     1003:   76:/*EOF*/
     1003:   77:/*EOF*/
        -:   78:/*EOF*/
     1003:   79:/*EOF*/
      922:   80:/*EOF*/
        -:   81:/*EOF*/
        -:   82:/*EOF*/
    #####:   83:/*EOF*/
        -:   84:/*EOF*/
        -:   85:/*EOF*/
        -:   86:/*EOF*/
        -:   87:/*EOF*/
        -:   88:/*EOF*/
        -:   89:/*EOF*/
        -:   90:/*EOF*/
        -:   91:/*EOF*/
        -:   92:/*EOF*/
        -:   93:/*EOF*/
        -:   94:/*EOF*/
        -:   95:/*EOF*/
        -:   96:/*EOF*/
        -:   97:/*EOF*/
        -:   98:/*EOF*/
        -:   99:/*EOF*/
        -:  100:/*EOF*/
        -:  101:/*EOF*/
        -:  102:/*EOF*/
     1295:  103:/*EOF*/
        -:  104:/*EOF*/
        -:  105:/*EOF*/
        -:  106:/*EOF*/
        -:  107:/*EOF*/
        -:  108:/*EOF*/
     1295:  109:/*EOF*/
     1295:  110:/*EOF*/
     4431:  111:/*EOF*/
        -:  112:/*EOF*/
        -:  113:/*EOF*/
     1295:  114:/*EOF*/
     1295:  115:/*EOF*/
     1295:  116:/*EOF*/
        -:  117:/*EOF*/
        -:  118:/*EOF*/
     3818:  119:/*EOF*/
     1630:  120:/*EOF*/
     1630:  121:/*EOF*/
        -:  122:/*EOF*/
     1630:  123:/*EOF*/
        -:  124:/*EOF*/
     1630:  125:/*EOF*/
       62:  126:/*EOF*/
        -:  127:/*EOF*/
        -:  128:/*EOF*/
     1568:  129:/*EOF*/
        -:  130:/*EOF*/
        -:  131:/*EOF*/
        -:  132:/*EOF*/
        -:  133:/*EOF*/
     1295:  134:/*EOF*/
     1295:  135:/*EOF*/
        -:  136:/*EOF*/
        -:  137:/*EOF*/
        -:  138:/*EOF*/
        -:  139:/*EOF*/
      273:  140:/*EOF*/
        -:  141:/*EOF*/
        -:  142:/*EOF*/
        -:  143:/*EOF*/
     3136:  144:/*EOF*/
     1568:  145:/*EOF*/
        -:  146:/*EOF*/
        -:  147:/*EOF*/
        -:  148:/*EOF*/
        -:  149:/*EOF*/
        -:  150:/*EOF*/
        -:  151:/*EOF*/
     1568:  152:/*EOF*/
    35419:  153:/*EOF*/
    32685:  154:/*EOF*/
        -:  155:/*EOF*/
        -:  156:/*EOF*/
        -:  157:/*EOF*/
        -:  158:/*EOF*/
    32685:  159:/*EOF*/
    30221:  160:/*EOF*/
    30221:  161:/*EOF*/
        -:  162:/*EOF*/
        -:  163:/*EOF*/
        -:  164:/*EOF*/
     2464:  165:/*EOF*/
     2464:  166:/*EOF*/
     2464:  167:/*EOF*/
        -:  168:/*EOF*/
     2464:  169:/*EOF*/
     1006:  170:/*EOF*/
        -:  171:/*EOF*/
        -:  172:/*EOF*/
     2464:  173:/*EOF*/
     2464:  174:/*EOF*/
     2464:  175:/*EOF*/
        -:  176:/*EOF*/
     2464:  177:/*EOF*/
     2464:  178:/*EOF*/
    10979:  179:/*EOF*/
     7130:  180:/*EOF*/
     7130:  181:/*EOF*/
        -:  182:/*EOF*/
    14260:  183:/*EOF*/
     7130:  184:/*EOF*/
    14260:  185:/*EOF*/
     7130:  186:/*EOF*/
        -:  187:/*EOF*/
        -:  188:/*EOF*/
     7130:  189:/*EOF*/
        -:  190:/*EOF*/
        -:  191:/*EOF*/
     1079:  192:/*EOF*/
        -:  193:/*EOF*/
        -:  194:/*EOF*/
        -:  195:/*EOF*/
        -:  196:/*EOF*/
        -:  197:/*EOF*/
     1079:  198:/*EOF*/
        -:  199:/*EOF*/
        -:  200:/*EOF*/
     6051:  201:/*EOF*/
     2328:  202:/*EOF*/
     1478:  203:/*EOF*/
     1478:  204:/*EOF*/
     1478:  205:/*EOF*/
        -:  206:/*EOF*/
        -:  207:/*EOF*/
        -:  208:/*EOF*/
        -:  209:/*EOF*/
        -:  210:/*EOF*/
        -:  211:/*EOF*/
     4573:  212:/*EOF*/
     3105:  213:/*EOF*/
        -:  214:/*EOF*/
     6051:  215:/*EOF*/
     6051:  216:/*EOF*/
        -:  217:/*EOF*/
        -:  218:/*EOF*/
        -:  219:/*EOF*/
     2464:  220:/*EOF*/
     1079:  221:/*EOF*/
     1079:  222:/*EOF*/
        -:  223:/*EOF*/
        -:  224:/*EOF*/
     1385:  225:/*EOF*/
        -:  226:/*EOF*/
        -:  227:/*EOF*/
        -:  228:/*EOF*/
        -:  229:/*EOF*/
      402:  230:/*EOF*/
        -:  231:/*EOF*/
        -:  232:/*EOF*/
      402:  233:/*EOF*/
      402:  234:/*EOF*/
      875:  235:/*EOF*/
      946:  236:/*EOF*/
        -:  237:/*EOF*/
      402:  238:/*EOF*/
      402:  239:/*EOF*/
      402:  240:/*EOF*/
        -:  241:/*EOF*/
      402:  242:/*EOF*/
        -:  243:/*EOF*/
        -:  244:/*EOF*/
        -:  245:/*EOF*/
      983:  246:/*EOF*/
      473:  247:/*EOF*/
        -:  248:/*EOF*/
        -:  249:/*EOF*/
        -:  250:/*EOF*/
        -:  251:/*EOF*/
        -:  252:/*EOF*/
        -:  253:/*EOF*/
        -:  254:/*EOF*/
      473:  255:/*EOF*/
      473:  256:/*EOF*/
        -:  257:/*EOF*/
      983:  258:/*EOF*/
        -:  259:/*EOF*/
        -:  260:/*EOF*/
        -:  261:/*EOF*/
        -:  262:/*EOF*/
        -:  263:/*EOF*/
      893:  264:/*EOF*/
        -:  265:/*EOF*/
      893:  266:/*EOF*/
      893:  267:/*EOF*/
     1988:  268:/*EOF*/
     2190:  269:/*EOF*/
        -:  270:/*EOF*/
      893:  271:/*EOF*/
      893:  272:/*EOF*/
      893:  273:/*EOF*/
      893:  274:/*EOF*/
        -:  275:/*EOF*/
        -:  276:/*EOF*/
        -:  277:/*EOF*/
        -:  278:/*EOF*/
        -:  279:/*EOF*/
        -:  280:/*EOF*/
        -:  281:/*EOF*/
      478:  282:/*EOF*/
        -:  283:/*EOF*/
        -:  284:/*EOF*/
        -:  285:/*EOF*/
        -:  286:/*EOF*/
        -:  287:/*EOF*/
        -:  288:/*EOF*/
        -:  289:/*EOF*/
        -:  290:/*EOF*/
        -:  291:/*EOF*/
        -:  292:/*EOF*/
        -:  293:/*EOF*/
        -:  294:/*EOF*/
    34577:  295:/*EOF*/
        -:  296:/*EOF*/
     2954:  297:/*EOF*/
     4952:  298:/*EOF*/
        -:  299:/*EOF*/
        -:  300:/*EOF*/
     6027:  301:/*EOF*/
     5549:  302:/*EOF*/
     5549:  303:/*EOF*/
    25607:  304:/*EOF*/
    20058:  305:/*EOF*/
        -:  306:/*EOF*/
    40116:  307:/*EOF*/
     2431:  308:/*EOF*/
     4862:  309:/*EOF*/
     2431:  310:/*EOF*/
     2354:  311:/*EOF*/
     4708:  312:/*EOF*/
     2354:  313:/*EOF*/
     1747:  314:/*EOF*/
     3494:  315:/*EOF*/
     1747:  316:/*EOF*/
    13526:  317:/*EOF*/
    13526:  318:/*EOF*/
        -:  319:/*EOF*/
    20058:  320:/*EOF*/
        -:  321:/*EOF*/
        -:  322:/*EOF*/
     2954:  323:/*EOF*/
     7241:  324:/*EOF*/
      536:  325:/*EOF*/
      268:  326:/*EOF*/
        -:  327:/*EOF*/
        -:  328:/*EOF*/
        -:  329:/*EOF*/
        -:  330:/*EOF*/
        -:  331:/*EOF*/
        -:  332:/*EOF*/
        -:  333:/*EOF*/
        -:  334:/*EOF*/
        -:  335:/*EOF*/
        -:  336:/*EOF*/
        -:  337:/*EOF*/
      478:  338:/*EOF*/
        -:  339:/*EOF*/
        -:  340:/*EOF*/
     1266:  341:/*EOF*/
        -:  342:/*EOF*/
     1266:  343:/*EOF*/
    #####:  344:/*EOF*/
     1266:  345:/*EOF*/
     1266:  346:/*EOF*/
        -:  347:/*EOF*/
        -:  348:/*EOF*/
        -:  349:/*EOF*/
      111:  350:/*EOF*/
        -:  351:/*EOF*/
      111:  352:/*EOF*/
      111:  353:/*EOF*/
        -:  354:/*EOF*/
        -:  355:/*EOF*/
        -:  356:/*EOF*/
       29:  357:/*EOF*/
        -:  358:/*EOF*/
       29:  359:/*EOF*/
       29:  360:/*EOF*/
        -:  361:/*EOF*/
        -:  362:/*EOF*/
        -:  363:/*EOF*/
      140:  364:/*EOF*/
        -:  365:/*EOF*/
      140:  366:/*EOF*/
      893:  367:/*EOF*/
        -:  368:/*EOF*/
     1033:  369:/*EOF*/
     1033:  370:/*EOF*/
        -:  371:/*EOF*/
        -:  372:/*EOF*/
        -:  373:/*EOF*/
     1033:  374:/*EOF*/
        -:  375:/*EOF*/
     1033:  376:/*EOF*/
      111:  377:/*EOF*/
        -:  378:/*EOF*/
      373:  379:/*EOF*/
     1295:  380:/*EOF*/
     1295:  381:/*EOF*/
      893:  382:/*EOF*/
      893:  383:/*EOF*/
      893:  384:/*EOF*/
        -:  385:/*EOF*/
        -:  386:/*EOF*/
      402:  387:/*EOF*/
       29:  388:/*EOF*/
        -:  389:/*EOF*/
        -:  390:/*EOF*/
      373:  391:/*EOF*/
      373:  392:/*EOF*/
        -:  393:/*EOF*/
      373:  394:/*EOF*/
      373:  395:/*EOF*/
        -:  396:/*EOF*/
      373:  397:/*EOF*/
      338:  398:/*EOF*/
      338:  399:/*EOF*/
        -:  400:/*EOF*/
        -:  401:/*EOF*/
      373:  402:/*EOF*/
    #####:  403:/*EOF*/
    #####:  404:/*EOF*/
        -:  405:/*EOF*/
        -:  406:/*EOF*/
        -:  407:/*EOF*/
        -:  408:/*EOF*/
        -:  409:/*EOF*/
        -:  410:/*EOF*/
        -:  411:/*EOF*/
        -:  412:/*EOF*/
      140:  413:/*EOF*/
        -:  414:/*EOF*/
      140:  415:/*EOF*/
      140:  416:/*EOF*/
       29:  417:/*EOF*/
        -:  418:/*EOF*/
      111:  419:/*EOF*/
      730:  420:/*EOF*/
      619:  421:/*EOF*/
      619:  422:/*EOF*/
      619:  423:/*EOF*/
      619:  424:/*EOF*/
        -:  425:/*EOF*/
      111:  426:/*EOF*/
        -:  427:/*EOF*/
        -:  428:/*EOF*/
        -:  429:/*EOF*/
        -:  430:/*EOF*/
      149:  431:/*EOF*/
        -:  432:/*EOF*/
      149:  433:/*EOF*/
      140:  434:/*EOF*/
    #####:  435:/*EOF*/
    #####:  436:/*EOF*/
        -:  437:/*EOF*/
        -:  438:/*EOF*/
      140:  439:/*EOF*/
      140:  440:/*EOF*/
      140:  441:/*EOF*/
      140:  442:/*EOF*/
