TN:
SF:/home/andreibpuiu/reliability/SoftwareReliabilityProject/solvers/solver1/watched_clause.c
FN:14,init_watched_clause
FN:28,wtoa
FN:58,print_debug_w_clause
FN:67,copy_watched_clause
FN:80,get_literals
FN:97,is_decidable
FN:106,compare
FN:115,remove_watched
FN:141,check_watched_clauses
FN:155,delete_watched_clause
FNDA:1056,init_watched_clause
FNDA:0,wtoa
FNDA:0,print_debug_w_clause
FNDA:0,copy_watched_clause
FNDA:34475,get_literals
FNDA:0,is_decidable
FNDA:0,compare
FNDA:0,remove_watched
FNDA:34475,check_watched_clauses
FNDA:0,delete_watched_clause
FNF:10
FNH:3
DA:14,1056
DA:15,1056
DA:16,1056
DA:17,1056
DA:18,472
DA:19,584
DA:20,584
DA:21,584
DA:24,1056
DA:28,0
DA:29,0
DA:30,0
DA:31,0
DA:33,0
DA:34,0
DA:35,0
DA:37,0
DA:38,0
DA:40,0
DA:43,0
DA:44,0
DA:46,0
DA:54,0
DA:58,0
DA:59,0
DA:60,0
DA:61,0
DA:62,0
DA:64,0
DA:67,0
DA:68,0
DA:70,0
DA:71,0
DA:73,0
DA:80,34475
DA:82,34475
DA:86,103425
DA:87,68950
DA:90,34475
DA:97,0
DA:99,0
DA:106,0
DA:107,0
DA:115,0
DA:116,0
DA:119,0
DA:120,0
DA:121,0
DA:122,0
DA:123,0
DA:124,0
DA:125,0
DA:128,0
DA:132,0
DA:141,34475
DA:142,34475
DA:144,68950
DA:145,34475
DA:146,34475
DA:149,34475
DA:151,34475
DA:155,0
DA:157,0
DA:158,0
DA:160,0
DA:161,0
LF:66
LH:21
end_of_record
TN:
SF:/home/andreibpuiu/reliability/SoftwareReliabilityProject/solvers/solver1/clause.c
FN:12,init_chained_literal_from_int
FN:17,init_chained_literal
FN:22,init_chained_literal_next_from_int
FN:32,init_chained_literal_next
FN:40,init_clause_empty
FN:48,init_clause_from_int
FN:61,init_clause_from_literals
FN:85,ctoa
FN:105,copy_clause
FN:131,merge
FN:175,diff
FN:199,remove_literal
FN:237,add
FN:255,add_int
FN:273,get
FN:300,check_var
FN:314,is_empty
FN:322,is_literal
FN:327,delete_clause
FNDA:2564,init_chained_literal_from_int
FNDA:141,init_chained_literal
FNDA:2564,init_chained_literal_next_from_int
FNDA:141,init_chained_literal_next
FNDA:734,init_clause_empty
FNDA:0,init_clause_from_int
FNDA:0,init_clause_from_literals
FNDA:0,ctoa
FNDA:36,copy_clause
FNDA:36,merge
FNDA:0,diff
FNDA:36,remove_literal
FNDA:0,add
FNDA:2564,add_int
FNDA:80565,get
FNDA:0,check_var
FNDA:2564,is_empty
FNDA:1056,is_literal
FNDA:0,delete_clause
FNF:19
FNH:12
DA:12,2564
DA:13,2564
DA:17,141
DA:18,141
DA:22,2564
DA:23,2564
DA:26,2564
DA:27,2564
DA:28,2564
DA:32,141
DA:33,141
DA:34,141
DA:35,141
DA:36,141
DA:40,734
DA:41,734
DA:42,734
DA:43,734
DA:44,734
DA:48,0
DA:50,0
DA:53,0
DA:54,0
DA:57,0
DA:61,0
DA:62,0
DA:64,0
DA:65,0
DA:67,0
DA:69,0
DA:70,0
DA:72,0
DA:75,0
DA:76,0
DA:78,0
DA:81,0
DA:85,0
DA:86,0
DA:87,0
DA:89,0
DA:90,0
DA:91,0
DA:92,0
DA:93,0
DA:95,0
DA:98,0
DA:105,36
DA:106,36
DA:108,36
DA:109,36
DA:110,36
DA:111,213
DA:112,141
DA:113,141
DA:114,36
DA:116,105
DA:117,141
DA:118,141
DA:121,36
DA:122,36
DA:124,36
DA:131,36
DA:132,36
DA:134,36
DA:137,36
DA:138,144
DA:139,72
DA:140,72
DA:141,72
DA:142,426
DA:143,282
DA:144,282
DA:145,282
DA:147,282
DA:148,36
DA:149,36
DA:150,36
DA:153,282
DA:154,282
DA:155,282
DA:159,72
DA:160,0
DA:162,72
DA:164,36
DA:165,0
DA:166,0
DA:168,36
DA:175,0
DA:176,0
DA:179,0
DA:180,0
DA:181,0
DA:183,0
DA:184,0
DA:185,0
DA:187,0
DA:189,0
DA:192,0
DA:199,36
DA:200,36
DA:203,36
DA:204,2
DA:205,2
DA:206,2
DA:209,34
DA:210,34
DA:212,34
DA:214,102
DA:216,68
DA:218,34
DA:220,34
DA:222,34
DA:225,34
DA:226,34
DA:227,34
DA:230,0
DA:237,0
DA:238,0
DA:239,0
DA:240,0
DA:242,0
DA:243,0
DA:244,0
DA:246,0
DA:248,0
DA:249,0
DA:255,2564
DA:256,2564
DA:257,2564
DA:258,698
DA:260,1866
DA:261,7154
DA:262,3422
DA:264,1866
DA:266,2564
DA:267,2564
DA:273,80565
DA:279,80565
DA:283,0
DA:286,80565
DA:287,295529
DA:288,134399
DA:289,134399
DA:296,80565
DA:300,0
DA:301,0
DA:302,0
DA:303,0
DA:305,0
DA:307,0
DA:314,2564
DA:315,2564
DA:322,1056
DA:323,1056
DA:327,0
DA:329,0
DA:330,0
DA:331,0
DA:332,0
DA:333,0
DA:335,0
DA:336,0
LF:162
LH:95
end_of_record
TN:
SF:/home/andreibpuiu/reliability/SoftwareReliabilityProject/solvers/solver1/conflict.c
FN:14,get_implied_lit
FN:59,learn_clause
FN:107,get_backtracking_level
FN:155,backtrack
FN:183,analyze_conflict
FNDA:394,get_implied_lit
FNDA:358,learn_clause
FNDA:358,get_backtracking_level
FNDA:358,backtrack
FNDA:358,analyze_conflict
FNF:5
FNH:5
DA:14,394
DA:17,394
DA:18,394
DA:20,394
DA:22,1287
DA:23,499
DA:24,499
DA:25,0
DA:27,0
DA:29,499
DA:31,499
DA:32,69
DA:33,69
DA:35,430
DA:37,503
DA:38,502
DA:39,429
DA:40,429
DA:44,430
DA:53,36
DA:54,430
DA:59,358
DA:61,358
DA:62,0
DA:63,0
DA:68,358
DA:69,358
DA:70,358
DA:72,394
DA:73,394
DA:74,394
DA:76,394
DA:79,358
DA:81,36
DA:82,0
DA:84,36
DA:86,36
DA:87,36
DA:91,36
DA:92,0
DA:94,36
DA:97,36
DA:98,0
DA:101,0
DA:102,0
DA:107,358
DA:109,358
DA:110,0
DA:112,0
DA:115,358
DA:116,0
DA:118,0
DA:120,358
DA:121,646
DA:122,323
DA:123,323
DA:126,35
DA:127,35
DA:128,35
DA:129,174
DA:130,104
DA:131,104
DA:132,0
DA:134,0
DA:136,104
DA:140,173
DA:141,69
DA:142,34
DA:143,70
DA:144,35
DA:145,35
DA:147,104
DA:149,35
DA:150,35
DA:155,358
DA:157,358
DA:158,0
DA:160,0
DA:163,358
DA:164,324
DA:166,358
DA:167,1295
DA:168,937
DA:170,937
DA:171,3412
DA:172,1538
DA:173,1538
DA:174,1538
DA:177,358
DA:178,34
DA:179,358
DA:183,358
DA:185,358
DA:187,358
DA:188,358
DA:190,358
DA:191,0
DA:194,0
DA:196,358
DA:197,358
DA:199,358
LF:101
LH:82
end_of_record
TN:
SF:/home/andreibpuiu/reliability/SoftwareReliabilityProject/solvers/solver1/decision.c
FN:7,init_node
FN:19,rotate_right
FN:33,rotate_left
FN:47,get_height
FN:52,get_balance
FN:63,insert_literal
FN:94,find_min
FN:104,remove_node
FN:136,delete_literal
FN:176,extract_max
FNDA:4328,init_node
FNDA:1704,rotate_right
FNDA:2412,rotate_left
FNDA:232203,get_height
FNDA:45787,get_balance
FNDA:26872,insert_literal
FNDA:0,find_min
FNDA:2927,remove_node
FNDA:20704,delete_literal
FNDA:2727,extract_max
FNF:10
FNH:9
DA:7,4328
DA:9,4328
DA:10,4328
DA:11,4328
DA:12,4328
DA:13,4328
DA:14,4328
DA:15,4328
DA:19,1704
DA:21,1704
DA:22,1704
DA:23,1704
DA:25,1704
DA:26,1704
DA:27,1704
DA:28,1704
DA:29,1704
DA:30,1704
DA:33,2412
DA:35,2412
DA:36,2412
DA:37,2412
DA:39,2412
DA:40,2412
DA:41,2412
DA:42,2412
DA:43,2412
DA:44,2412
DA:47,232203
DA:49,232203
DA:52,45787
DA:54,45787
DA:55,141
DA:57,45646
DA:58,45646
DA:59,45646
DA:63,26872
DA:65,26872
DA:66,4328
DA:67,4328
DA:70,22544
DA:71,15045
DA:73,7499
DA:75,22544
DA:76,22544
DA:77,22544
DA:78,22544
DA:79,22544
DA:80,163
DA:81,22381
DA:82,320
DA:83,320
DA:84,22061
DA:85,1399
DA:86,20662
DA:87,300
DA:88,300
DA:90,22544
DA:94,0
DA:96,0
DA:97,0
DA:98,0
DA:100,0
DA:104,2927
DA:106,2927
DA:107,0
DA:109,2927
DA:110,1043
DA:113,1884
DA:114,0
DA:119,1884
DA:120,1499
DA:121,1499
DA:122,1499
DA:123,1499
DA:124,1499
DA:125,385
DA:126,114
DA:127,114
DA:129,271
DA:130,271
DA:132,385
DA:136,20704
DA:138,20704
DA:139,1557
DA:141,19147
DA:142,12911
DA:143,9984
DA:145,2927
DA:146,6236
DA:147,6236
DA:149,0
DA:152,19147
DA:153,1043
DA:156,18104
DA:158,18104
DA:160,18104
DA:161,196
DA:162,17908
DA:163,183
DA:164,183
DA:165,17725
DA:166,147
DA:167,17578
DA:168,63
DA:169,63
DA:172,18104
DA:176,2727
DA:178,2727
DA:179,2727
DA:180,2727
DA:181,2727
DA:182,2727
DA:183,2727
DA:185,11059
DA:186,5605
DA:187,5605
DA:188,5605
DA:189,5605
DA:190,5605
DA:192,2727
DA:194,2727
DA:195,400
DA:196,400
DA:197,2327
DA:198,175
DA:199,175
DA:200,175
DA:201,2152
DA:202,699
DA:203,699
DA:205,1453
DA:208,7757
DA:209,5605
DA:213,2152
DA:214,2152
DA:216,2152
DA:217,479
DA:218,1673
DA:219,0
DA:220,0
DA:223,2152
LF:142
LH:132
end_of_record
TN:
SF:/home/andreibpuiu/reliability/SoftwareReliabilityProject/solvers/solver1/sat.c
FN:463,proble4
FN:466,main
FNDA:98,proble4
FNDA:98,main
FNF:2
FNH:2
DA:463,98
DA:466,98
DA:467,98
DA:468,0
DA:469,0
DA:473,98
DA:475,90
LF:7
LH:5
end_of_record
TN:
SF:/home/andreibpuiu/reliability/SoftwareReliabilityProject/solvers/solver1/solver.c
FN:25,reset
FN:32,is_q_empty
FN:37,is_full
FN:42,push
FN:53,pop
FN:63,decide
FN:103,bcp
FN:282,plp
FN:341,delete_bcp_output
FN:350,return_sat
FN:357,return_unsat
FN:364,solve
FN:413,report
FN:431,sat
FNDA:1250,reset
FNDA:3087,is_q_empty
FNDA:3485,is_full
FNDA:3485,push
FNDA:2214,pop
FNDA:963,decide
FNDA:1250,bcp
FNDA:414,plp
FNDA:1231,delete_bcp_output
FNDA:71,return_sat
FNDA:19,return_unsat
FNDA:90,solve
FNDA:90,report
FNDA:98,sat
FNF:14
FNH:14
DA:25,1250
DA:27,1250
DA:28,1250
DA:29,1250
DA:30,1250
DA:32,3087
DA:33,3087
DA:37,3485
DA:38,3485
DA:42,3485
DA:43,3485
DA:44,3485
DA:45,0
DA:47,3485
DA:48,3485
DA:50,3485
DA:53,2214
DA:54,2214
DA:55,2214
DA:56,0
DA:58,2214
DA:59,2214
DA:63,963
DA:66,963
DA:67,963
DA:68,71
DA:73,2120
DA:74,1228
DA:76,1228
DA:77,1228
DA:79,1228
DA:80,892
DA:83,0
DA:103,1250
DA:109,1250
DA:110,1250
DA:111,4514
DA:114,1250
DA:115,1250
DA:116,1250
DA:119,4337
DA:120,2214
DA:121,2214
DA:123,2214
DA:125,2214
DA:126,582
DA:129,1632
DA:134,1250
DA:135,1250
DA:140,382
DA:144,3264
DA:145,1632
DA:152,1632
DA:153,37362
DA:154,34475
DA:159,34475
DA:160,30483
DA:161,30483
DA:165,3992
DA:166,3992
DA:167,3992
DA:169,3992
DA:170,1521
DA:173,3992
DA:174,3992
DA:175,3992
DA:177,3992
DA:178,3992
DA:179,19353
DA:180,12310
DA:181,12310
DA:183,24620
DA:184,12310
DA:185,24620
DA:186,12310
DA:189,12310
DA:192,941
DA:198,941
DA:201,11369
DA:202,2861
DA:203,999
DA:204,999
DA:205,999
DA:212,10370
DA:213,7363
DA:215,11369
DA:216,11369
DA:220,3992
DA:221,941
DA:222,941
DA:225,3051
DA:230,377
DA:233,377
DA:234,377
DA:235,871
DA:236,988
DA:238,377
DA:239,377
DA:240,377
DA:242,377
DA:246,2674
DA:247,2235
DA:255,2235
DA:256,2235
DA:258,2674
DA:264,873
DA:266,873
DA:267,873
DA:268,2011
DA:269,2276
DA:271,873
DA:272,873
DA:273,873
DA:274,873
DA:282,414
DA:295,49828
DA:297,3741
DA:298,6654
DA:301,6948
DA:302,6534
DA:303,6534
DA:304,37498
DA:305,30964
DA:307,61928
DA:308,3301
DA:309,6602
DA:310,3301
DA:311,2704
DA:312,5408
DA:313,2704
DA:314,2289
DA:315,4578
DA:316,2289
DA:317,22670
DA:318,22670
DA:320,30964
DA:323,3741
DA:324,9816
DA:325,680
DA:326,340
DA:338,414
DA:341,1231
DA:343,1231
DA:344,0
DA:345,1231
DA:346,1231
DA:350,71
DA:352,71
DA:353,71
DA:357,19
DA:359,19
DA:360,19
DA:364,90
DA:366,90
DA:367,873
DA:369,963
DA:370,963
DA:374,963
DA:376,963
DA:377,71
DA:379,358
DA:380,1250
DA:381,1250
DA:382,873
DA:383,873
DA:384,873
DA:387,377
DA:388,19
DA:391,358
DA:392,358
DA:394,358
DA:395,358
DA:397,358
DA:398,324
DA:399,324
DA:402,358
DA:403,0
DA:404,0
DA:413,90
DA:415,90
DA:416,90
DA:417,19
DA:419,71
DA:420,479
DA:421,408
DA:422,408
DA:423,408
DA:424,408
DA:426,71
DA:431,98
DA:433,98
DA:434,90
DA:435,0
DA:436,0
DA:439,90
DA:440,90
DA:441,90
DA:442,90
LF:198
LH:190
end_of_record
TN:
SF:/home/andreibpuiu/reliability/SoftwareReliabilityProject/solvers/solver1/literal.c
FN:13,init_literal
FN:28,copy_literal
FN:33,ltoi
FN:38,ltoa
FN:50,is_opposite
FN:58,equals
FN:66,same_id
FNDA:2564,init_literal
FNDA:0,copy_literal
FNDA:408,ltoi
FNDA:408,ltoa
FNDA:66620,is_opposite
FNDA:37369,equals
FNDA:108483,same_id
FNF:7
FNH:6
DA:13,2564
DA:14,2564
DA:16,2564
DA:17,1272
DA:18,1272
DA:20,1292
DA:21,1292
DA:24,2564
DA:28,0
DA:29,0
DA:33,408
DA:34,408
DA:38,408
DA:41,408
DA:42,408
DA:43,408
DA:50,66620
DA:51,66620
DA:58,37369
DA:59,37369
DA:66,108483
DA:67,108483
LF:22
LH:20
end_of_record
TN:
SF:/home/andreibpuiu/reliability/SoftwareReliabilityProject/solvers/solver1/formula.c
FN:17,init_unassigned_table
FN:37,init_learnt_clauses
FN:49,init_formula_empty
FN:60,init_formula_from_strings
FN:96,init_formula_from_file
FN:164,init_assignments
FN:178,init_assignment_tracker
FN:188,init_formula_from_clauses
FN:223,ftoa
FN:255,get_all_clauses
FN:274,assign
FN:323,revoke_assignment
FN:355,cancel
FN:402,add_learnt_clause
FN:433,decaying_sum
FN:464,update_scores
FN:486,delete_learnt_clauses
FN:497,delete_formula
FN:512,add_w_clause
FN:530,remove_w_clause
FNDA:90,init_unassigned_table
FNDA:90,init_learnt_clauses
FNDA:90,init_formula_empty
FNDA:0,init_formula_from_strings
FNDA:98,init_formula_from_file
FNDA:90,init_assignments
FNDA:90,init_assignment_tracker
FNDA:90,init_formula_from_clauses
FNDA:0,ftoa
FNDA:0,get_all_clauses
FNDA:1972,assign
FNDA:1538,revoke_assignment
FNDA:1538,cancel
FNDA:358,add_learnt_clause
FNDA:26,decaying_sum
FNDA:26,update_scores
FNDA:90,delete_learnt_clauses
FNDA:90,delete_formula
FNDA:2395,add_w_clause
FNDA:0,remove_w_clause
FNF:20
FNH:16
DA:17,90
DA:19,90
DA:20,562
DA:21,472
DA:22,472
DA:23,472
DA:26,472
DA:27,472
DA:30,472
DA:31,472
DA:33,90
DA:37,90
DA:39,90
DA:40,90
DA:41,90
DA:42,90
DA:43,90
DA:44,90
DA:45,90
DA:49,90
DA:50,90
DA:51,90
DA:52,90
DA:53,90
DA:54,90
DA:55,90
DA:56,90
DA:60,0
DA:61,0
DA:62,0
DA:64,0
DA:65,0
DA:66,0
DA:68,0
DA:69,0
DA:70,0
DA:71,0
DA:72,0
DA:73,0
DA:74,0
DA:77,0
DA:78,0
DA:80,0
DA:82,0
DA:85,0
DA:86,0
DA:88,0
DA:89,0
DA:92,0
DA:96,98
DA:98,98
DA:99,98
DA:100,0
DA:101,0
DA:104,98
DA:105,98
DA:108,98
DA:110,98
DA:111,98
DA:114,98
DA:116,0
DA:117,98
DA:119,90
DA:122,8
DA:123,8
DA:125,90
DA:129,90
DA:130,90
DA:131,788
DA:133,698
DA:134,698
DA:137,3262
DA:138,3262
DA:139,2564
DA:140,2564
DA:141,1292
DA:143,1272
DA:145,2564
DA:147,3262
DA:148,698
DA:150,90
DA:153,90
DA:156,90
DA:157,90
DA:158,90
DA:159,90
DA:164,90
DA:168,90
DA:169,562
DA:170,472
DA:171,472
DA:173,90
DA:178,90
DA:180,90
DA:182,90
DA:183,90
DA:188,90
DA:189,90
DA:190,90
DA:191,90
DA:192,90
DA:194,90
DA:195,90
DA:196,788
DA:197,698
DA:198,698
DA:199,698
DA:201,698
DA:203,698
DA:204,698
DA:206,698
DA:207,698
DA:210,90
DA:211,90
DA:212,90
DA:213,90
DA:214,90
DA:215,90
DA:216,90
DA:217,90
DA:219,90
DA:223,0
DA:230,0
DA:231,0
DA:232,0
DA:233,0
DA:235,0
DA:236,0
DA:237,0
DA:238,0
DA:239,0
DA:240,0
DA:241,0
DA:242,0
DA:245,0
DA:255,0
DA:256,0
DA:258,0
DA:259,0
DA:260,0
DA:261,0
DA:262,0
DA:266,0
DA:274,1972
DA:276,1972
DA:277,1972
DA:278,1972
DA:279,0
DA:281,0
DA:284,1972
DA:286,1972
DA:287,0
DA:289,0
DA:293,3944
DA:294,1972
DA:295,3944
DA:296,1972
DA:297,1972
DA:298,1972
DA:300,1972
DA:302,1972
DA:304,1972
DA:305,1972
DA:306,1972
DA:307,1972
DA:309,1972
DA:310,1972
DA:311,1972
DA:312,1972
DA:313,1972
DA:314,1224
DA:316,748
DA:318,1972
DA:319,1972
DA:323,1538
DA:325,1538
DA:326,1538
DA:327,1538
DA:328,1538
DA:329,1538
DA:330,1538
DA:331,1538
DA:332,1538
DA:334,1538
DA:335,1538
DA:336,1538
DA:338,1538
DA:340,1538
DA:341,1538
DA:342,1538
DA:343,1538
DA:345,1538
DA:346,1306
DA:348,1538
DA:355,1538
DA:357,1538
DA:358,0
DA:360,1538
DA:361,0
DA:363,0
DA:366,1538
DA:367,1538
DA:369,1538
DA:370,1538
DA:371,1538
DA:373,1538
DA:374,1538
DA:375,1538
DA:377,3076
DA:378,0
DA:379,0
DA:380,0
DA:381,0
DA:383,0
DA:384,0
DA:385,0
DA:386,0
DA:390,1538
DA:391,0
DA:394,0
DA:396,1538
DA:397,1538
DA:398,1538
DA:402,358
DA:404,358
DA:405,0
DA:407,0
DA:410,358
DA:411,0
DA:412,0
DA:415,358
DA:416,358
DA:417,332
DA:419,332
DA:420,332
DA:423,26
DA:424,3
DA:426,26
DA:428,26
DA:433,26
DA:435,283
DA:436,257
DA:437,257
DA:439,257
DA:441,257
DA:442,257
DA:444,257
DA:446,257
DA:449,257
DA:450,257
DA:452,257
DA:454,257
DA:457,257
DA:458,257
DA:460,26
DA:464,26
DA:466,26
DA:467,78
DA:468,26
DA:470,26
DA:471,25
DA:472,25
DA:474,1
DA:475,1
DA:477,26
DA:479,26
DA:480,26
DA:482,26
DA:483,26
DA:486,90
DA:488,90
DA:489,0
DA:492,90
DA:493,90
DA:497,90
DA:499,90
DA:500,0
DA:502,90
DA:503,90
DA:504,90
DA:505,90
DA:506,90
DA:507,90
DA:508,90
DA:512,2395
DA:514,2395
DA:515,0
DA:517,0
DA:519,2395
DA:520,2395
DA:521,2395
DA:522,397
DA:524,1998
DA:525,2395
DA:526,2395
DA:530,0
DA:532,0
DA:533,0
DA:535,0
DA:537,0
DA:539,0
DA:540,0
DA:542,0
DA:544,0
DA:546,0
DA:547,0
DA:548,0
DA:549,0
DA:551,0
DA:552,0
DA:553,0
DA:554,0
DA:555,0
DA:556,0
DA:557,0
DA:558,0
DA:560,0
DA:561,0
DA:562,0
DA:563,0
DA:564,0
LF:321
LH:223
end_of_record
